<?xml version="1.0" encoding="UTF-8"?>
<!-- Generated by org.testng.reporters.JUnitReportReporter -->
<testsuite skipped="0" hostname="IN2196867W4" name="Testcase.facebooklogout" tests="2" failures="0" timestamp="2021-08-10T10:11:59 IST" time="7.379" errors="0">
  <testcase name="logoutdropdown" time="2.676" classname="Testcase.facebooklogout"/>
  <system-out/>
  <testcase name="signout" time="4.703" classname="Testcase.facebooklogout"/>
  <system-out/>
</testsuite> <!-- Testcase.facebooklogout -->
