<?xml version="1.0" encoding="UTF-8"?>
<!-- Generated by org.testng.reporters.JUnitReportReporter -->
<testsuite skipped="0" hostname="IN2196867W4" name="MAvenproject.mvnproject.class3" tests="1" failures="0" timestamp="2021-08-05T09:59:52 IST" time="0.010" errors="0">
  <testcase name="testcase1" time="0.010" classname="MAvenproject.mvnproject.class3"/>
  <system-out/>
</testsuite> <!-- MAvenproject.mvnproject.class3 -->
