<?xml version="1.0" encoding="UTF-8"?>
<!-- Generated by org.testng.reporters.JUnitReportReporter -->
<testsuite skipped="0" hostname="IN2196867W4" name="MAvenproject.mvnproject.sampletestng" tests="2" failures="0" timestamp="2021-08-06T10:17:26 IST" time="0.041" errors="0">
  <testcase name="testcase2" time="0.009" classname="MAvenproject.mvnproject.sampletestng"/>
  <system-out/>
  <testcase name="testcase1" time="0.032" classname="MAvenproject.mvnproject.sampletestng"/>
  <system-out/>
</testsuite> <!-- MAvenproject.mvnproject.sampletestng -->
