<?xml version="1.0" encoding="UTF-8"?>
<!-- Generated by org.testng.reporters.JUnitReportReporter -->
<testsuite skipped="0" hostname="IN2196867W4" name="Testcase.facebooklogin" tests="5" failures="0" timestamp="2021-08-12T09:54:52 IST" time="67.734" errors="0">
  <testcase name="firsttestcase" time="12.322" classname="Testcase.facebooklogin"/>
  <system-out/>
  <testcase name="firsttestcase" time="11.740" classname="Testcase.facebooklogin"/>
  <system-out/>
  <testcase name="firsttestcase" time="10.461" classname="Testcase.facebooklogin"/>
  <system-out/>
  <testcase name="firsttestcase" time="19.102" classname="Testcase.facebooklogin"/>
  <system-out/>
  <testcase name="firsttestcase" time="14.109" classname="Testcase.facebooklogin"/>
  <system-out/>
</testsuite> <!-- Testcase.facebooklogin -->
