<?xml version="1.0" encoding="UTF-8"?>
<!-- Generated by org.testng.reporters.JUnitReportReporter -->
<testsuite skipped="0" hostname="IN2196867W4" name="Testcase.facebooklogin" tests="5" failures="0" timestamp="2021-08-11T10:19:43 IST" time="87.088" errors="0">
  <testcase name="firsttestcase" time="21.170" classname="Testcase.facebooklogin"/>
  <system-out/>
  <testcase name="firsttestcase" time="13.624" classname="Testcase.facebooklogin"/>
  <system-out/>
  <testcase name="firsttestcase" time="18.703" classname="Testcase.facebooklogin"/>
  <system-out/>
  <testcase name="firsttestcase" time="13.780" classname="Testcase.facebooklogin"/>
  <system-out/>
  <testcase name="firsttestcase" time="19.811" classname="Testcase.facebooklogin"/>
  <system-out/>
</testsuite> <!-- Testcase.facebooklogin -->
